Arguments: 
  C:\Program Files\nodejs\node.exe C:\Users\Advice\AppData\Roaming\npm\node_modules\yarn\bin\yarn.js add uuid

PATH: 
  C:\Program Files\Common Files\Oracle\Java\javapath;D:\OracleDB\app\oracle\product\11.2.0\server\bin;C:\ProgramData\Oracle\Java\javapath;C:\Windows\system32;C:\Windows;C:\Windows\System32\Wbem;C:\Windows\System32\WindowsPowerShell\v1.0\;C:\Windows\System32\OpenSSH\;C:\Program Files (x86)\NVIDIA Corporation\PhysX\Common;C:\Program Files\NVIDIA Corporation\NVIDIA NvDLISR;C:\WINDOWS\system32;C:\WINDOWS;C:\WINDOWS\System32\Wbem;C:\WINDOWS\System32\WindowsPowerShell\v1.0\;C:\WINDOWS\System32\OpenSSH\;C:\xampp\php;C:\Program Files\MongoDB\Server\4.4\bin;C:\Program Files\Git\cmd;C:\instantclient_12_2;C:\Program Files\Java\jdk-18.0.1.1\bin;C:\Users\Advice\AppData\Roaming\nvm;C:\Program Files\nodejs;C:\Program Files (x86)\Microsoft SQL Server\160\Tools\Binn\;C:\Program Files\Microsoft SQL Server\160\Tools\Binn\;C:\Program Files\Microsoft SQL Server\Client SDK\ODBC\170\Tools\Binn\;C:\Program Files\Microsoft SQL Server\160\DTS\Binn\;C:\Program Files (x86)\Microsoft SQL Server\160\DTS\Binn\;C:\Program Files\Azure Data Studio\bin;C:\Python\Python390\Scripts\;C:\Python\Python390\;C:\Users\Advice\AppData\Local\Microsoft\WindowsApps;D:\Users\Advice\AppData\Local\Programs\Microsoft VS Code\bin;C:\Program Files\JetBrains\IntelliJ IDEA Community Edition 2020.3\bin;;C:\Users\Advice\AppData\Roaming\npm;C:\Program Files\Azure Data Studio\bin;C:\Users\Advice\AppData\Local\Android\Sdk\tools;C:\Users\Advice\AppData\Local\Android\Sdk\tools\bin;C:\Users\Advice\AppData\Local\Android\Sdk\platform-tools;D:\Swift\bin;C:\Users\Advice\AppData\Roaming\nvm;C:\Program Files\nodejs;C:\flutter\flutter\bin;C:\Program Files\Azure Data Studio\bin

Yarn version: 
  1.22.17

Node version: 
  16.18.0

Platform: 
  win32 x64

Trace: 
  Error: getaddrinfo ENOTFOUND registry.yarnpkg.com
      at GetAddrInfoReqWrap.onlookup [as oncomplete] (node:dns:109:26)

npm manifest: 
  {
    "name": "server1",
    "version": "1.0.0",
    "description": "",
    "main": "index.js",
    "scripts": {
      "start": "nodemon ./src/index.js",
      "dev": "nodemon ./src/index.js"
    },
    "keywords": [],
    "author": "",
    "license": "ISC",
    "dependencies": {
      "body-parser": "^1.20.2",
      "cors": "^2.8.5",
      "dotenv": "^16.0.3",
      "express": "^4.18.2",
      "helmet": "^6.0.1",
      "multer": "^1.4.5-lts.1",
      "mysql": "^2.18.1",
      "mysql2": "^3.1.2",
      "nodemon": "^2.0.20",
      "util": "^0.12.5"
    }
  }

yarn manifest: 
  No manifest

Lockfile: 
  No lockfile
